<?xml version="1.0" encoding="UTF-8"?>
<testsuite name="tourGuide.services.TestModel" tests="3" skipped="0" failures="0" errors="0" timestamp="2021-03-09T19:20:33" hostname="DESKTOP-1N3M7NR" time="0.232">
  <properties/>
  <testcase name="testUserPreference" classname="tourGuide.services.TestModel" time="0.162"/>
  <testcase name="testUser" classname="tourGuide.services.TestModel" time="0.059"/>
  <testcase name="testUserReward" classname="tourGuide.services.TestModel" time="0.008"/>
  <system-out><![CDATA[]]></system-out>
  <system-err><![CDATA[mars 09, 2021 8:20:33 PM org.javamoney.moneta.DefaultMonetaryContextFactory createMonetaryContextNonNullConfig
INFOS: Using custom MathContext: precision=256, roundingMode=HALF_EVEN
]]></system-err>
</testsuite>
