<?xml version="1.0" encoding="UTF-8"?>
<testsuite name="tourGuide.services.TestTourGuideService" tests="9" skipped="0" failures="0" errors="0" timestamp="2021-03-10T14:23:07" hostname="DESKTOP-1N3M7NR" time="2.33">
  <properties/>
  <testcase name="getUserLocation" classname="tourGuide.services.TestTourGuideService" time="0.137"/>
  <testcase name="addUser" classname="tourGuide.services.TestTourGuideService" time="0.005"/>
  <testcase name="getTripDeals" classname="tourGuide.services.TestTourGuideService" time="0.16"/>
  <testcase name="getAllUsers" classname="tourGuide.services.TestTourGuideService" time="0.002"/>
  <testcase name="getAllUsersLocationsJSON" classname="tourGuide.services.TestTourGuideService" time="0.066"/>
  <testcase name="getFiveClosestAttractionJSON" classname="tourGuide.services.TestTourGuideService" time="1.138"/>
  <testcase name="trackUser" classname="tourGuide.services.TestTourGuideService" time="0.602"/>
  <testcase name="getNearbyAttractions" classname="tourGuide.services.TestTourGuideService" time="0.187"/>
  <testcase name="getAllUsersLocations" classname="tourGuide.services.TestTourGuideService" time="0.026"/>
  <system-out><![CDATA[15:23:07.651 [Test worker] INFO tourGuide.service.TourGuideService - TestMode enabled
15:23:07.651 [Test worker] DEBUG tourGuide.service.TourGuideService - Initializing users
15:23:07.651 [Test worker] DEBUG tourGuide.service.TourGuideService - Created 0 internal test users.
15:23:07.651 [Test worker] DEBUG tourGuide.service.TourGuideService - Finished initializing users
15:23:07.651 [pool-8-thread-1] DEBUG tourGuide.tracker.Tracker - Begin Tracker. Tracking 0 users.
15:23:07.651 [pool-8-thread-1] DEBUG tourGuide.tracker.Tracker - Tracker Time Elapsed: 0 seconds.
15:23:07.651 [pool-8-thread-1] DEBUG tourGuide.tracker.Tracker - Tracker sleeping
15:23:07.785 [Test worker] INFO tourGuide.service.TourGuideService - TestMode enabled
15:23:07.785 [Test worker] DEBUG tourGuide.service.TourGuideService - Initializing users
15:23:07.785 [Test worker] DEBUG tourGuide.service.TourGuideService - Created 0 internal test users.
15:23:07.785 [Test worker] DEBUG tourGuide.service.TourGuideService - Finished initializing users
15:23:07.791 [Test worker] INFO tourGuide.service.TourGuideService - TestMode enabled
15:23:07.791 [Test worker] DEBUG tourGuide.service.TourGuideService - Initializing users
15:23:07.791 [Test worker] DEBUG tourGuide.service.TourGuideService - Created 0 internal test users.
15:23:07.791 [Test worker] DEBUG tourGuide.service.TourGuideService - Finished initializing users
15:23:07.791 [pool-10-thread-1] DEBUG tourGuide.tracker.Tracker - Tracker stopping
15:23:07.801 [pool-12-thread-1] DEBUG tourGuide.tracker.Tracker - Begin Tracker. Tracking 0 users.
15:23:07.801 [pool-12-thread-1] DEBUG tourGuide.tracker.Tracker - Tracker Time Elapsed: 0 seconds.
15:23:07.801 [pool-12-thread-1] DEBUG tourGuide.tracker.Tracker - Tracker sleeping
15:23:07.954 [Test worker] INFO tourGuide.service.TourGuideService - TestMode enabled
15:23:07.954 [Test worker] DEBUG tourGuide.service.TourGuideService - Initializing users
15:23:07.955 [Test worker] DEBUG tourGuide.service.TourGuideService - Created 0 internal test users.
15:23:07.955 [Test worker] DEBUG tourGuide.service.TourGuideService - Finished initializing users
15:23:07.955 [Test worker] INFO tourGuide.service.TourGuideService - TestMode enabled
15:23:07.955 [Test worker] DEBUG tourGuide.service.TourGuideService - Initializing users
15:23:07.958 [pool-14-thread-1] DEBUG tourGuide.tracker.Tracker - Tracker stopping
15:23:07.991 [Test worker] DEBUG tourGuide.service.TourGuideService - Created 100 internal test users.
15:23:07.995 [Test worker] DEBUG tourGuide.service.TourGuideService - Finished initializing users
15:23:07.995 [pool-16-thread-1] DEBUG tourGuide.tracker.Tracker - Begin Tracker. Tracking 100 users.
15:23:08.017 [Test worker] INFO tourGuide.service.TourGuideService - TestMode enabled
15:23:08.017 [Test worker] DEBUG tourGuide.service.TourGuideService - Initializing users
15:23:08.017 [Test worker] DEBUG tourGuide.service.TourGuideService - Created 1 internal test users.
15:23:08.017 [Test worker] DEBUG tourGuide.service.TourGuideService - Finished initializing users
15:23:08.184 [pool-18-thread-1] DEBUG tourGuide.tracker.Tracker - Begin Tracker. Tracking 1 users.
15:23:08.187 [pool-18-thread-1] DEBUG tourGuide.tracker.Tracker - Tracker Time Elapsed: 0 seconds.
15:23:08.187 [pool-18-thread-1] DEBUG tourGuide.tracker.Tracker - Tracker sleeping
15:23:09.160 [Test worker] INFO tourGuide.service.TourGuideService - TestMode enabled
15:23:09.167 [Test worker] DEBUG tourGuide.service.TourGuideService - Initializing users
15:23:09.167 [Test worker] DEBUG tourGuide.service.TourGuideService - Created 0 internal test users.
15:23:09.167 [Test worker] DEBUG tourGuide.service.TourGuideService - Finished initializing users
15:23:09.175 [pool-20-thread-1] DEBUG tourGuide.tracker.Tracker - Begin Tracker. Tracking 0 users.
15:23:09.179 [pool-20-thread-1] DEBUG tourGuide.tracker.Tracker - Tracker Time Elapsed: 0 seconds.
15:23:09.179 [pool-20-thread-1] DEBUG tourGuide.tracker.Tracker - Tracker sleeping
15:23:09.765 [Test worker] INFO tourGuide.service.TourGuideService - TestMode enabled
15:23:09.766 [Test worker] DEBUG tourGuide.service.TourGuideService - Initializing users
15:23:09.766 [Test worker] DEBUG tourGuide.service.TourGuideService - Created 0 internal test users.
15:23:09.766 [Test worker] DEBUG tourGuide.service.TourGuideService - Finished initializing users
15:23:09.767 [pool-22-thread-1] DEBUG tourGuide.tracker.Tracker - Begin Tracker. Tracking 0 users.
15:23:09.768 [pool-22-thread-1] DEBUG tourGuide.tracker.Tracker - Tracker Time Elapsed: 0 seconds.
15:23:09.768 [pool-22-thread-1] DEBUG tourGuide.tracker.Tracker - Tracker sleeping
15:23:09.952 [Test worker] INFO tourGuide.service.TourGuideService - TestMode enabled
15:23:09.952 [Test worker] DEBUG tourGuide.service.TourGuideService - Initializing users
15:23:09.975 [Test worker] DEBUG tourGuide.service.TourGuideService - Created 100 internal test users.
15:23:09.975 [Test worker] DEBUG tourGuide.service.TourGuideService - Finished initializing users
]]></system-out>
  <system-err><![CDATA[]]></system-err>
</testsuite>
