<?xml version="1.0" encoding="UTF-8"?>
<testsuite name="tourGuide.TestPerformance" tests="2" skipped="0" failures="0" errors="0" timestamp="2021-03-09T14:08:45" hostname="DESKTOP-1N3M7NR" time="901.297">
  <properties/>
  <testcase name="highVolumeTrackLocation" classname="tourGuide.TestPerformance" time="401.373"/>
  <testcase name="highVolumeGetRewards" classname="tourGuide.TestPerformance" time="499.924"/>
  <system-out><![CDATA[2021-03-09 15:08:45.099  INFO 22064 --- [    Test worker] tourGuide.service.TourGuideService       : TestMode enabled
highVolumeTrackLocation: Time Elapsed: 400 seconds.
2021-03-09 15:15:26.472  INFO 22064 --- [    Test worker] tourGuide.service.TourGuideService       : TestMode enabled
highVolumeGetRewards: Time Elapsed: 498 seconds.
]]></system-out>
  <system-err><![CDATA[]]></system-err>
</testsuite>
