<?xml version="1.0" encoding="UTF-8"?>
<testsuite name="tourGuide.services.TestRewardsService" tests="3" skipped="0" failures="0" errors="0" timestamp="2021-03-09T14:08:03" hostname="DESKTOP-1N3M7NR" time="40.505">
  <properties/>
  <testcase name="nearAllAttractions" classname="tourGuide.services.TestRewardsService" time="39.668"/>
  <testcase name="userGetRewards" classname="tourGuide.services.TestRewardsService" time="0.825"/>
  <testcase name="isWithinAttractionProximity" classname="tourGuide.services.TestRewardsService" time="0.011"/>
  <system-out><![CDATA[2021-03-09 15:08:03.334  INFO 22064 --- [    Test worker] tourGuide.service.TourGuideService       : TestMode enabled
2021-03-09 15:08:42.995  INFO 22064 --- [    Test worker] tourGuide.service.TourGuideService       : TestMode enabled
2021-03-09 15:08:43.820  INFO 22064 --- [    Test worker] tourGuide.service.TourGuideService       : TestMode enabled
]]></system-out>
  <system-err><![CDATA[]]></system-err>
</testsuite>
