<?xml version="1.0" encoding="UTF-8"?>
<testsuite name="tourGuide.TestTourGuideController" tests="5" skipped="0" failures="0" errors="0" timestamp="2021-03-09T14:23:49" hostname="DESKTOP-1N3M7NR" time="0.393">
  <properties/>
  <testcase name="getAllCurrentLocationsTest" classname="tourGuide.TestTourGuideController" time="0.212"/>
  <testcase name="getIndexTest" classname="tourGuide.TestTourGuideController" time="0.024"/>
  <testcase name="getNearbyAttractionsTest" classname="tourGuide.TestTourGuideController" time="0.045"/>
  <testcase name="getRewardsTest" classname="tourGuide.TestTourGuideController" time="0.087"/>
  <testcase name="getTripDealsTest" classname="tourGuide.TestTourGuideController" time="0.014"/>
  <system-out><![CDATA[2021-03-09 15:23:46.427  INFO 22064 --- [    Test worker] o.s.t.c.support.AbstractContextLoader    : Could not detect default resource locations for test class [tourGuide.TestTourGuideController]: no resource found for suffixes {-context.xml, Context.groovy}.
2021-03-09 15:23:46.486  INFO 22064 --- [    Test worker] .b.t.a.w.s.WebMvcTestContextBootstrapper : Loaded default TestExecutionListener class names from location [META-INF/spring.factories]: [org.springframework.boot.test.autoconfigure.restdocs.RestDocsTestExecutionListener, org.springframework.boot.test.autoconfigure.web.client.MockRestServiceServerResetTestExecutionListener, org.springframework.boot.test.autoconfigure.web.servlet.MockMvcPrintOnlyOnFailureTestExecutionListener, org.springframework.boot.test.autoconfigure.web.servlet.WebDriverTestExecutionListener, org.springframework.boot.test.mock.mockito.MockitoTestExecutionListener, org.springframework.boot.test.mock.mockito.ResetMocksTestExecutionListener, org.springframework.test.context.web.ServletTestExecutionListener, org.springframework.test.context.support.DirtiesContextBeforeModesTestExecutionListener, org.springframework.test.context.support.DependencyInjectionTestExecutionListener, org.springframework.test.context.support.DirtiesContextTestExecutionListener, org.springframework.test.context.transaction.TransactionalTestExecutionListener, org.springframework.test.context.jdbc.SqlScriptsTestExecutionListener]
2021-03-09 15:23:46.490  INFO 22064 --- [    Test worker] .b.t.a.w.s.WebMvcTestContextBootstrapper : Using TestExecutionListeners: [org.springframework.test.context.web.ServletTestExecutionListener@3e93e29, org.springframework.test.context.support.DirtiesContextBeforeModesTestExecutionListener@df3df2c, org.springframework.boot.test.mock.mockito.MockitoTestExecutionListener@283f32ce, org.springframework.boot.test.autoconfigure.SpringBootDependencyInjectionTestExecutionListener@1d1fd155, org.springframework.test.context.support.DirtiesContextTestExecutionListener@57cdaca9, org.springframework.boot.test.autoconfigure.restdocs.RestDocsTestExecutionListener@44d413c3, org.springframework.boot.test.autoconfigure.web.client.MockRestServiceServerResetTestExecutionListener@152cf0d5, org.springframework.boot.test.autoconfigure.web.servlet.MockMvcPrintOnlyOnFailureTestExecutionListener@76da1e5c, org.springframework.boot.test.autoconfigure.web.servlet.WebDriverTestExecutionListener@4c485cca, org.springframework.boot.test.mock.mockito.ResetMocksTestExecutionListener@28e6148b]

  .   ____          _            __ _ _
 /\\ / ___'_ __ _ _(_)_ __  __ _ \ \ \ \
( ( )\___ | '_ | '_| | '_ \/ _` | \ \ \ \
 \\/  ___)| |_)| | | | | || (_| |  ) ) ) )
  '  |____| .__|_| |_|_| |_\__, | / / / /
 =========|_|==============|___/=/_/_/_/
 :: Spring Boot ::        (v2.1.6.RELEASE)

2021-03-09 15:23:46.594  INFO 22064 --- [    Test worker] tourGuide.TestTourGuideController        : Starting TestTourGuideController on DESKTOP-1N3M7NR with PID 22064 (started by adoba in C:\Users\adoba\eclipse-workspace\JavaPathENProject8\TourGuide)
2021-03-09 15:23:46.598  INFO 22064 --- [    Test worker] tourGuide.TestTourGuideController        : No active profile set, falling back to default profiles: default
2021-03-09 15:23:49.674  INFO 22064 --- [    Test worker] o.s.b.t.m.w.SpringBootMockServletContext : Initializing Spring TestDispatcherServlet ''
2021-03-09 15:23:49.676  INFO 22064 --- [    Test worker] o.s.t.web.servlet.TestDispatcherServlet  : Initializing Servlet ''
2021-03-09 15:23:49.710  INFO 22064 --- [    Test worker] o.s.t.web.servlet.TestDispatcherServlet  : Completed initialization in 34 ms
2021-03-09 15:23:49.766  INFO 22064 --- [    Test worker] tourGuide.TestTourGuideController        : Started TestTourGuideController in 3.267 seconds (JVM running for 962.241)
2021-03-09 15:23:49.779  INFO 22064 --- [    Test worker] o.s.b.t.m.w.SpringBootMockServletContext : Initializing Spring TestDispatcherServlet ''
2021-03-09 15:23:49.781  INFO 22064 --- [    Test worker] o.s.t.web.servlet.TestDispatcherServlet  : Initializing Servlet ''
2021-03-09 15:23:49.786  INFO 22064 --- [    Test worker] o.s.t.web.servlet.TestDispatcherServlet  : Completed initialization in 5 ms
2021-03-09 15:23:49.993  INFO 22064 --- [    Test worker] o.s.b.t.m.w.SpringBootMockServletContext : Initializing Spring TestDispatcherServlet ''
2021-03-09 15:23:49.997  INFO 22064 --- [    Test worker] o.s.t.web.servlet.TestDispatcherServlet  : Initializing Servlet ''
2021-03-09 15:23:50.004  INFO 22064 --- [    Test worker] o.s.t.web.servlet.TestDispatcherServlet  : Completed initialization in 6 ms
2021-03-09 15:23:50.019  INFO 22064 --- [    Test worker] o.s.b.t.m.w.SpringBootMockServletContext : Initializing Spring TestDispatcherServlet ''
2021-03-09 15:23:50.019  INFO 22064 --- [    Test worker] o.s.t.web.servlet.TestDispatcherServlet  : Initializing Servlet ''
2021-03-09 15:23:50.023  INFO 22064 --- [    Test worker] o.s.t.web.servlet.TestDispatcherServlet  : Completed initialization in 3 ms
2021-03-09 15:23:50.066  INFO 22064 --- [    Test worker] o.s.b.t.m.w.SpringBootMockServletContext : Initializing Spring TestDispatcherServlet ''
2021-03-09 15:23:50.067  INFO 22064 --- [    Test worker] o.s.t.web.servlet.TestDispatcherServlet  : Initializing Servlet ''
2021-03-09 15:23:50.071  INFO 22064 --- [    Test worker] o.s.t.web.servlet.TestDispatcherServlet  : Completed initialization in 2 ms
2021-03-09 15:23:50.157  INFO 22064 --- [    Test worker] o.s.b.t.m.w.SpringBootMockServletContext : Initializing Spring TestDispatcherServlet ''
2021-03-09 15:23:50.158  INFO 22064 --- [    Test worker] o.s.t.web.servlet.TestDispatcherServlet  : Initializing Servlet ''
2021-03-09 15:23:50.162  INFO 22064 --- [    Test worker] o.s.t.web.servlet.TestDispatcherServlet  : Completed initialization in 4 ms
]]></system-out>
  <system-err><![CDATA[]]></system-err>
</testsuite>
