<?xml version="1.0" encoding="UTF-8"?>
<testsuite name="tourGuide.services.TestTourGuideService" tests="9" skipped="0" failures="0" errors="0" timestamp="2021-03-09T14:08:43" hostname="DESKTOP-1N3M7NR" time="1.254">
  <properties/>
  <testcase name="getUserLocation" classname="tourGuide.services.TestTourGuideService" time="0.064"/>
  <testcase name="addUser" classname="tourGuide.services.TestTourGuideService" time="0.005"/>
  <testcase name="getTripDeals" classname="tourGuide.services.TestTourGuideService" time="0.045"/>
  <testcase name="getAllUsers" classname="tourGuide.services.TestTourGuideService" time="0.002"/>
  <testcase name="getAllUsersLocationsJSON" classname="tourGuide.services.TestTourGuideService" time="0.053"/>
  <testcase name="getFiveClosestAttractionJSON" classname="tourGuide.services.TestTourGuideService" time="0.875"/>
  <testcase name="trackUser" classname="tourGuide.services.TestTourGuideService" time="0.093"/>
  <testcase name="getNearbyAttractions" classname="tourGuide.services.TestTourGuideService" time="0.091"/>
  <testcase name="getAllUsersLocations" classname="tourGuide.services.TestTourGuideService" time="0.02"/>
  <system-out><![CDATA[2021-03-09 15:08:43.838  INFO 22064 --- [    Test worker] tourGuide.service.TourGuideService       : TestMode enabled
2021-03-09 15:08:43.905  INFO 22064 --- [    Test worker] tourGuide.service.TourGuideService       : TestMode enabled
2021-03-09 15:08:43.910  INFO 22064 --- [    Test worker] tourGuide.service.TourGuideService       : TestMode enabled
2021-03-09 15:08:43.956  INFO 22064 --- [    Test worker] tourGuide.service.TourGuideService       : TestMode enabled
2021-03-09 15:08:43.958  INFO 22064 --- [    Test worker] tourGuide.service.TourGuideService       : TestMode enabled
2021-03-09 15:08:44.011  INFO 22064 --- [    Test worker] tourGuide.service.TourGuideService       : TestMode enabled
2021-03-09 15:08:44.886  INFO 22064 --- [    Test worker] tourGuide.service.TourGuideService       : TestMode enabled
2021-03-09 15:08:44.979  INFO 22064 --- [    Test worker] tourGuide.service.TourGuideService       : TestMode enabled
2021-03-09 15:08:45.072  INFO 22064 --- [    Test worker] tourGuide.service.TourGuideService       : TestMode enabled
]]></system-out>
  <system-err><![CDATA[]]></system-err>
</testsuite>
